C:\USERS\JHONATAN\DOCUMENTS\VISUAL STUDIO 2012\PROJECTS\PROYECTOT3_APLICACIONVENTAS\PROYECTOT3_APLICACIONVENTAS\DEBUG\.NETFRAMEWORK,VERSION=V4.5.ASSEMBLYATTRIBUTES.OBJ
C:\USERS\JHONATAN\DOCUMENTS\VISUAL STUDIO 2012\PROJECTS\PROYECTOT3_APLICACIONVENTAS\PROYECTOT3_APLICACIONVENTAS\DEBUG\VC110.PDB
C:\USERS\JHONATAN\DOCUMENTS\VISUAL STUDIO 2012\PROJECTS\PROYECTOT3_APLICACIONVENTAS\PROYECTOT3_APLICACIONVENTAS\DEBUG\SISTEMA.OBJ
C:\USERS\JHONATAN\DOCUMENTS\VISUAL STUDIO 2012\PROJECTS\PROYECTOT3_APLICACIONVENTAS\PROYECTOT3_APLICACIONVENTAS\DEBUG\PRINCIPAL1.OBJ
C:\USERS\JHONATAN\DOCUMENTS\VISUAL STUDIO 2012\PROJECTS\PROYECTOT3_APLICACIONVENTAS\DEBUG\PROYECTOT3_APLICACIONVENTAS.ILK
C:\USERS\JHONATAN\DOCUMENTS\VISUAL STUDIO 2012\PROJECTS\PROYECTOT3_APLICACIONVENTAS\DEBUG\PROYECTOT3_APLICACIONVENTAS.EXE
C:\USERS\JHONATAN\DOCUMENTS\VISUAL STUDIO 2012\PROJECTS\PROYECTOT3_APLICACIONVENTAS\DEBUG\PROYECTOT3_APLICACIONVENTAS.PDB
c:\Users\jhonatan\documents\visual studio 2012\Projects\ProyectoT3_AplicacionVentas\ProyectoT3_AplicacionVentas\Debug\ProyectoT3_AplicacionVentas.Principal1.resources
c:\Users\jhonatan\documents\visual studio 2012\Projects\ProyectoT3_AplicacionVentas\ProyectoT3_AplicacionVentas\Debug\ProyectoT3_AplicacionVentas.Sistema.resources
c:\Users\jhonatan\documents\visual studio 2012\Projects\ProyectoT3_AplicacionVentas\ProyectoT3_AplicacionVentas\Debug\ProyectoT3_AplicacionVentas.vcxproj.GenerateResource.Cache
c:\Users\jhonatan\documents\visual studio 2012\Projects\ProyectoT3_AplicacionVentas\ProyectoT3_AplicacionVentas\Debug\ProyectoT3_AplicacionVentas.vcxprojResolveAssemblyReference.cache
c:\Users\jhonatan\documents\visual studio 2012\Projects\ProyectoT3_AplicacionVentas\ProyectoT3_AplicacionVentas\Debug\.NETFramework,Version=v4.5.AssemblyAttributes.obj
c:\Users\jhonatan\documents\visual studio 2012\Projects\ProyectoT3_AplicacionVentas\ProyectoT3_AplicacionVentas\Debug\Principal1.obj
c:\Users\jhonatan\documents\visual studio 2012\Projects\ProyectoT3_AplicacionVentas\ProyectoT3_AplicacionVentas\Debug\Sistema.obj
c:\Users\jhonatan\documents\visual studio 2012\Projects\ProyectoT3_AplicacionVentas\ProyectoT3_AplicacionVentas\Debug\cl.command.1.tlog
c:\Users\jhonatan\documents\visual studio 2012\Projects\ProyectoT3_AplicacionVentas\ProyectoT3_AplicacionVentas\Debug\CL.read.1.tlog
c:\Users\jhonatan\documents\visual studio 2012\Projects\ProyectoT3_AplicacionVentas\ProyectoT3_AplicacionVentas\Debug\CL.write.1.tlog
c:\Users\jhonatan\documents\visual studio 2012\Projects\ProyectoT3_AplicacionVentas\ProyectoT3_AplicacionVentas\Debug\link.1648-cvtres.read.1.tlog
c:\Users\jhonatan\documents\visual studio 2012\Projects\ProyectoT3_AplicacionVentas\ProyectoT3_AplicacionVentas\Debug\link.1648-cvtres.write.1.tlog
c:\Users\jhonatan\documents\visual studio 2012\Projects\ProyectoT3_AplicacionVentas\ProyectoT3_AplicacionVentas\Debug\link.1648-rc.read.1.tlog
c:\Users\jhonatan\documents\visual studio 2012\Projects\ProyectoT3_AplicacionVentas\ProyectoT3_AplicacionVentas\Debug\link.1648-rc.write.1.tlog
c:\Users\jhonatan\documents\visual studio 2012\Projects\ProyectoT3_AplicacionVentas\ProyectoT3_AplicacionVentas\Debug\link.1648.read.1.tlog
c:\Users\jhonatan\documents\visual studio 2012\Projects\ProyectoT3_AplicacionVentas\ProyectoT3_AplicacionVentas\Debug\link.1648.write.1.tlog
c:\Users\jhonatan\documents\visual studio 2012\Projects\ProyectoT3_AplicacionVentas\ProyectoT3_AplicacionVentas\Debug\link.2588-cvtres.read.1.tlog
c:\Users\jhonatan\documents\visual studio 2012\Projects\ProyectoT3_AplicacionVentas\ProyectoT3_AplicacionVentas\Debug\link.2588-cvtres.write.1.tlog
c:\Users\jhonatan\documents\visual studio 2012\Projects\ProyectoT3_AplicacionVentas\ProyectoT3_AplicacionVentas\Debug\link.2588-rc.read.1.tlog
c:\Users\jhonatan\documents\visual studio 2012\Projects\ProyectoT3_AplicacionVentas\ProyectoT3_AplicacionVentas\Debug\link.2588-rc.write.1.tlog
c:\Users\jhonatan\documents\visual studio 2012\Projects\ProyectoT3_AplicacionVentas\ProyectoT3_AplicacionVentas\Debug\link.2588.read.1.tlog
c:\Users\jhonatan\documents\visual studio 2012\Projects\ProyectoT3_AplicacionVentas\ProyectoT3_AplicacionVentas\Debug\link.2588.write.1.tlog
c:\Users\jhonatan\documents\visual studio 2012\Projects\ProyectoT3_AplicacionVentas\ProyectoT3_AplicacionVentas\Debug\link.312-cvtres.read.1.tlog
c:\Users\jhonatan\documents\visual studio 2012\Projects\ProyectoT3_AplicacionVentas\ProyectoT3_AplicacionVentas\Debug\link.312-cvtres.write.1.tlog
c:\Users\jhonatan\documents\visual studio 2012\Projects\ProyectoT3_AplicacionVentas\ProyectoT3_AplicacionVentas\Debug\link.312-rc.read.1.tlog
c:\Users\jhonatan\documents\visual studio 2012\Projects\ProyectoT3_AplicacionVentas\ProyectoT3_AplicacionVentas\Debug\link.312-rc.write.1.tlog
c:\Users\jhonatan\documents\visual studio 2012\Projects\ProyectoT3_AplicacionVentas\ProyectoT3_AplicacionVentas\Debug\link.312.read.1.tlog
c:\Users\jhonatan\documents\visual studio 2012\Projects\ProyectoT3_AplicacionVentas\ProyectoT3_AplicacionVentas\Debug\link.312.write.1.tlog
c:\Users\jhonatan\documents\visual studio 2012\Projects\ProyectoT3_AplicacionVentas\ProyectoT3_AplicacionVentas\Debug\link.3360-cvtres.read.1.tlog
c:\Users\jhonatan\documents\visual studio 2012\Projects\ProyectoT3_AplicacionVentas\ProyectoT3_AplicacionVentas\Debug\link.3360-cvtres.write.1.tlog
c:\Users\jhonatan\documents\visual studio 2012\Projects\ProyectoT3_AplicacionVentas\ProyectoT3_AplicacionVentas\Debug\link.3360-rc.read.1.tlog
c:\Users\jhonatan\documents\visual studio 2012\Projects\ProyectoT3_AplicacionVentas\ProyectoT3_AplicacionVentas\Debug\link.3360-rc.write.1.tlog
c:\Users\jhonatan\documents\visual studio 2012\Projects\ProyectoT3_AplicacionVentas\ProyectoT3_AplicacionVentas\Debug\link.3360.read.1.tlog
c:\Users\jhonatan\documents\visual studio 2012\Projects\ProyectoT3_AplicacionVentas\ProyectoT3_AplicacionVentas\Debug\link.3360.write.1.tlog
c:\Users\jhonatan\documents\visual studio 2012\Projects\ProyectoT3_AplicacionVentas\ProyectoT3_AplicacionVentas\Debug\link.3396-cvtres.read.1.tlog
c:\Users\jhonatan\documents\visual studio 2012\Projects\ProyectoT3_AplicacionVentas\ProyectoT3_AplicacionVentas\Debug\link.3396-cvtres.write.1.tlog
c:\Users\jhonatan\documents\visual studio 2012\Projects\ProyectoT3_AplicacionVentas\ProyectoT3_AplicacionVentas\Debug\link.3396-rc.read.1.tlog
c:\Users\jhonatan\documents\visual studio 2012\Projects\ProyectoT3_AplicacionVentas\ProyectoT3_AplicacionVentas\Debug\link.3396-rc.write.1.tlog
c:\Users\jhonatan\documents\visual studio 2012\Projects\ProyectoT3_AplicacionVentas\ProyectoT3_AplicacionVentas\Debug\link.3396.read.1.tlog
c:\Users\jhonatan\documents\visual studio 2012\Projects\ProyectoT3_AplicacionVentas\ProyectoT3_AplicacionVentas\Debug\link.3396.write.1.tlog
c:\Users\jhonatan\documents\visual studio 2012\Projects\ProyectoT3_AplicacionVentas\ProyectoT3_AplicacionVentas\Debug\link.4392-cvtres.read.1.tlog
c:\Users\jhonatan\documents\visual studio 2012\Projects\ProyectoT3_AplicacionVentas\ProyectoT3_AplicacionVentas\Debug\link.4392-cvtres.write.1.tlog
c:\Users\jhonatan\documents\visual studio 2012\Projects\ProyectoT3_AplicacionVentas\ProyectoT3_AplicacionVentas\Debug\link.4392-rc.read.1.tlog
c:\Users\jhonatan\documents\visual studio 2012\Projects\ProyectoT3_AplicacionVentas\ProyectoT3_AplicacionVentas\Debug\link.4392-rc.write.1.tlog
c:\Users\jhonatan\documents\visual studio 2012\Projects\ProyectoT3_AplicacionVentas\ProyectoT3_AplicacionVentas\Debug\link.4392.read.1.tlog
c:\Users\jhonatan\documents\visual studio 2012\Projects\ProyectoT3_AplicacionVentas\ProyectoT3_AplicacionVentas\Debug\link.4392.write.1.tlog
c:\Users\jhonatan\documents\visual studio 2012\Projects\ProyectoT3_AplicacionVentas\ProyectoT3_AplicacionVentas\Debug\link.4788-cvtres.read.1.tlog
c:\Users\jhonatan\documents\visual studio 2012\Projects\ProyectoT3_AplicacionVentas\ProyectoT3_AplicacionVentas\Debug\link.4788-cvtres.write.1.tlog
c:\Users\jhonatan\documents\visual studio 2012\Projects\ProyectoT3_AplicacionVentas\ProyectoT3_AplicacionVentas\Debug\link.4788-rc.read.1.tlog
c:\Users\jhonatan\documents\visual studio 2012\Projects\ProyectoT3_AplicacionVentas\ProyectoT3_AplicacionVentas\Debug\link.4788-rc.write.1.tlog
c:\Users\jhonatan\documents\visual studio 2012\Projects\ProyectoT3_AplicacionVentas\ProyectoT3_AplicacionVentas\Debug\link.4788.read.1.tlog
c:\Users\jhonatan\documents\visual studio 2012\Projects\ProyectoT3_AplicacionVentas\ProyectoT3_AplicacionVentas\Debug\link.4788.write.1.tlog
c:\Users\jhonatan\documents\visual studio 2012\Projects\ProyectoT3_AplicacionVentas\ProyectoT3_AplicacionVentas\Debug\link.6716-cvtres.read.1.tlog
c:\Users\jhonatan\documents\visual studio 2012\Projects\ProyectoT3_AplicacionVentas\ProyectoT3_AplicacionVentas\Debug\link.6716-cvtres.write.1.tlog
c:\Users\jhonatan\documents\visual studio 2012\Projects\ProyectoT3_AplicacionVentas\ProyectoT3_AplicacionVentas\Debug\link.6716-rc.read.1.tlog
c:\Users\jhonatan\documents\visual studio 2012\Projects\ProyectoT3_AplicacionVentas\ProyectoT3_AplicacionVentas\Debug\link.6716-rc.write.1.tlog
c:\Users\jhonatan\documents\visual studio 2012\Projects\ProyectoT3_AplicacionVentas\ProyectoT3_AplicacionVentas\Debug\link.6716.read.1.tlog
c:\Users\jhonatan\documents\visual studio 2012\Projects\ProyectoT3_AplicacionVentas\ProyectoT3_AplicacionVentas\Debug\link.6716.write.1.tlog
c:\Users\jhonatan\documents\visual studio 2012\Projects\ProyectoT3_AplicacionVentas\ProyectoT3_AplicacionVentas\Debug\link.6968-cvtres.read.1.tlog
c:\Users\jhonatan\documents\visual studio 2012\Projects\ProyectoT3_AplicacionVentas\ProyectoT3_AplicacionVentas\Debug\link.6968-cvtres.write.1.tlog
c:\Users\jhonatan\documents\visual studio 2012\Projects\ProyectoT3_AplicacionVentas\ProyectoT3_AplicacionVentas\Debug\link.6968-rc.read.1.tlog
c:\Users\jhonatan\documents\visual studio 2012\Projects\ProyectoT3_AplicacionVentas\ProyectoT3_AplicacionVentas\Debug\link.6968-rc.write.1.tlog
c:\Users\jhonatan\documents\visual studio 2012\Projects\ProyectoT3_AplicacionVentas\ProyectoT3_AplicacionVentas\Debug\link.6968.read.1.tlog
c:\Users\jhonatan\documents\visual studio 2012\Projects\ProyectoT3_AplicacionVentas\ProyectoT3_AplicacionVentas\Debug\link.6968.write.1.tlog
c:\Users\jhonatan\documents\visual studio 2012\Projects\ProyectoT3_AplicacionVentas\ProyectoT3_AplicacionVentas\Debug\link.7000-cvtres.read.1.tlog
c:\Users\jhonatan\documents\visual studio 2012\Projects\ProyectoT3_AplicacionVentas\ProyectoT3_AplicacionVentas\Debug\link.7000-cvtres.write.1.tlog
c:\Users\jhonatan\documents\visual studio 2012\Projects\ProyectoT3_AplicacionVentas\ProyectoT3_AplicacionVentas\Debug\link.7000-rc.read.1.tlog
c:\Users\jhonatan\documents\visual studio 2012\Projects\ProyectoT3_AplicacionVentas\ProyectoT3_AplicacionVentas\Debug\link.7000-rc.write.1.tlog
c:\Users\jhonatan\documents\visual studio 2012\Projects\ProyectoT3_AplicacionVentas\ProyectoT3_AplicacionVentas\Debug\link.7000.read.1.tlog
c:\Users\jhonatan\documents\visual studio 2012\Projects\ProyectoT3_AplicacionVentas\ProyectoT3_AplicacionVentas\Debug\link.7000.write.1.tlog
c:\Users\jhonatan\documents\visual studio 2012\Projects\ProyectoT3_AplicacionVentas\ProyectoT3_AplicacionVentas\Debug\link.9020-cvtres.read.1.tlog
c:\Users\jhonatan\documents\visual studio 2012\Projects\ProyectoT3_AplicacionVentas\ProyectoT3_AplicacionVentas\Debug\link.9020-cvtres.write.1.tlog
c:\Users\jhonatan\documents\visual studio 2012\Projects\ProyectoT3_AplicacionVentas\ProyectoT3_AplicacionVentas\Debug\link.9020-rc.read.1.tlog
c:\Users\jhonatan\documents\visual studio 2012\Projects\ProyectoT3_AplicacionVentas\ProyectoT3_AplicacionVentas\Debug\link.9020-rc.write.1.tlog
c:\Users\jhonatan\documents\visual studio 2012\Projects\ProyectoT3_AplicacionVentas\ProyectoT3_AplicacionVentas\Debug\link.9020.read.1.tlog
c:\Users\jhonatan\documents\visual studio 2012\Projects\ProyectoT3_AplicacionVentas\ProyectoT3_AplicacionVentas\Debug\link.9020.write.1.tlog
c:\Users\jhonatan\documents\visual studio 2012\Projects\ProyectoT3_AplicacionVentas\ProyectoT3_AplicacionVentas\Debug\link.command.1.tlog
c:\Users\jhonatan\documents\visual studio 2012\Projects\ProyectoT3_AplicacionVentas\ProyectoT3_AplicacionVentas\Debug\link.read.1.tlog
c:\Users\jhonatan\documents\visual studio 2012\Projects\ProyectoT3_AplicacionVentas\ProyectoT3_AplicacionVentas\Debug\link.write.1.tlog
c:\Users\jhonatan\documents\visual studio 2012\Projects\ProyectoT3_AplicacionVentas\ProyectoT3_AplicacionVentas\Debug\metagen.read.1.tlog
c:\Users\jhonatan\documents\visual studio 2012\Projects\ProyectoT3_AplicacionVentas\ProyectoT3_AplicacionVentas\Debug\metagen.write.1.tlog
c:\Users\jhonatan\documents\visual studio 2012\Projects\ProyectoT3_AplicacionVentas\ProyectoT3_AplicacionVentas\Debug\ProyectoT3_AplicacionVentas.write.1.tlog
c:\Users\jhonatan\documents\visual studio 2012\Projects\ProyectoT3_AplicacionVentas\ProyectoT3_AplicacionVentas\Debug\vc110.pdb
c:\Users\jhonatan\documents\visual studio 2012\Projects\ProyectoT3_AplicacionVentas\ProyectoT3_AplicacionVentas\Debug\TZRES.DLL.bi
c:\users\jhonatan\documents\visual studio 2012\Projects\ProyectoT3_AplicacionVentas\Debug\ProyectoT3_AplicacionVentas.pdb
c:\users\jhonatan\documents\visual studio 2012\Projects\ProyectoT3_AplicacionVentas\Debug\ProyectoT3_AplicacionVentas.exe
c:\users\jhonatan\documents\visual studio 2012\Projects\ProyectoT3_AplicacionVentas\Debug\ProyectoT3_AplicacionVentas.ilk
